[0.180s] DEBUG:colcon:Command line arguments: ['/usr/bin/colcon', 'build', '--packages-select', 'autonomous_driving', '--symlink-install']
[0.180s] DEBUG:colcon:Parsed command line arguments: Namespace(log_base=None, log_level=None, verb_name='build', build_base='build', install_base='install', merge_install=False, symlink_install=True, test_result_base=None, continue_on_error=False, executor='parallel', parallel_workers=16, event_handlers=None, ignore_user_meta=False, metas=['./colcon.meta'], base_paths=['.'], packages_ignore=None, packages_ignore_regex=None, paths=None, packages_up_to=None, packages_up_to_regex=None, packages_above=None, packages_above_and_dependencies=None, packages_above_depth=None, packages_select_by_dep=None, packages_skip_by_dep=None, packages_skip_up_to=None, packages_select_build_failed=False, packages_skip_build_finished=False, packages_select_test_failures=False, packages_skip_test_passed=False, packages_select=['autonomous_driving'], packages_skip=None, packages_select_regex=None, packages_skip_regex=None, packages_start=None, packages_end=None, cmake_args=None, cmake_target=None, cmake_target_skip_unavailable=False, cmake_clean_cache=False, cmake_clean_first=False, cmake_force_configure=False, ament_cmake_args=None, catkin_cmake_args=None, catkin_skip_building_tests=False, mixin_files=None, mixin=None, verb_parser=<colcon_mixin.mixin.mixin_argument.MixinArgumentDecorator object at 0x7fc7f2e68550>, verb_extension=<colcon_core.verb.build.BuildVerb object at 0x7fc7f2e37ac0>, main=<bound method BuildVerb.main of <colcon_core.verb.build.BuildVerb object at 0x7fc7f2e37ac0>>, mixin_verb=('build',))
[0.377s] Level 1:colcon.colcon_core.package_discovery:discover_packages(colcon_meta) check parameters
[0.378s] INFO:colcon.colcon_metadata.package_discovery.colcon_meta:Using configuration from '/root/.colcon/metadata/default/Gazebo.meta'
[0.378s] INFO:colcon.colcon_metadata.package_discovery.colcon_meta:Using configuration from '/root/.colcon/metadata/default/fastdds.meta'
[0.379s] INFO:colcon.colcon_metadata.package_discovery.colcon_meta:Using configuration from '/root/.colcon/metadata/default/fastrtps.meta'
[0.379s] Level 1:colcon.colcon_core.package_discovery:discover_packages(recursive) check parameters
[0.379s] Level 1:colcon.colcon_core.package_discovery:discover_packages(ignore) check parameters
[0.379s] Level 1:colcon.colcon_core.package_discovery:discover_packages(path) check parameters
[0.379s] Level 1:colcon.colcon_core.package_discovery:discover_packages(colcon_meta) discover
[0.379s] Level 1:colcon.colcon_core.package_discovery:discover_packages(recursive) discover
[0.379s] INFO:colcon.colcon_core.package_discovery:Crawling recursively for packages in '/workspace/ros2_ws/src/autonomous_driving'
[0.379s] Level 1:colcon.colcon_core.package_identification:_identify(.) by extensions ['ignore', 'ignore_ament_install']
[0.379s] Level 1:colcon.colcon_core.package_identification:_identify(.) by extension 'ignore'
[0.379s] Level 1:colcon.colcon_core.package_identification:_identify(.) by extension 'ignore_ament_install'
[0.379s] Level 1:colcon.colcon_core.package_identification:_identify(.) by extensions ['colcon_pkg']
[0.379s] Level 1:colcon.colcon_core.package_identification:_identify(.) by extension 'colcon_pkg'
[0.380s] Level 1:colcon.colcon_core.package_identification:_identify(.) by extensions ['colcon_meta']
[0.380s] Level 1:colcon.colcon_core.package_identification:_identify(.) by extension 'colcon_meta'
[0.380s] Level 1:colcon.colcon_core.package_identification:_identify(.) by extensions ['ros']
[0.380s] Level 1:colcon.colcon_core.package_identification:_identify(.) by extension 'ros'
[0.398s] DEBUG:colcon.colcon_core.package_identification:Package '.' with type 'ros.ament_python' and name 'autonomous_driving'
[0.398s] Level 1:colcon.colcon_core.package_discovery:discover_packages(recursive) using defaults
[0.398s] Level 1:colcon.colcon_core.package_discovery:discover_packages(ignore) discover
[0.398s] Level 1:colcon.colcon_core.package_discovery:discover_packages(ignore) using defaults
[0.398s] Level 1:colcon.colcon_core.package_discovery:discover_packages(path) discover
[0.398s] Level 1:colcon.colcon_core.package_discovery:discover_packages(path) using defaults
[0.423s] Level 5:colcon.colcon_core.verb:set package 'autonomous_driving' build argument 'cmake_args' from command line to 'None'
[0.423s] Level 5:colcon.colcon_core.verb:set package 'autonomous_driving' build argument 'cmake_target' from command line to 'None'
[0.423s] Level 5:colcon.colcon_core.verb:set package 'autonomous_driving' build argument 'cmake_target_skip_unavailable' from command line to 'False'
[0.424s] Level 5:colcon.colcon_core.verb:set package 'autonomous_driving' build argument 'cmake_clean_cache' from command line to 'False'
[0.424s] Level 5:colcon.colcon_core.verb:set package 'autonomous_driving' build argument 'cmake_clean_first' from command line to 'False'
[0.424s] Level 5:colcon.colcon_core.verb:set package 'autonomous_driving' build argument 'cmake_force_configure' from command line to 'False'
[0.424s] Level 5:colcon.colcon_core.verb:set package 'autonomous_driving' build argument 'ament_cmake_args' from command line to 'None'
[0.424s] Level 5:colcon.colcon_core.verb:set package 'autonomous_driving' build argument 'catkin_cmake_args' from command line to 'None'
[0.424s] Level 5:colcon.colcon_core.verb:set package 'autonomous_driving' build argument 'catkin_skip_building_tests' from command line to 'False'
[0.424s] DEBUG:colcon.colcon_core.verb:Building package 'autonomous_driving' with the following arguments: {'ament_cmake_args': None, 'build_base': '/workspace/ros2_ws/src/autonomous_driving/build/autonomous_driving', 'catkin_cmake_args': None, 'catkin_skip_building_tests': False, 'cmake_args': None, 'cmake_clean_cache': False, 'cmake_clean_first': False, 'cmake_force_configure': False, 'cmake_target': None, 'cmake_target_skip_unavailable': False, 'install_base': '/workspace/ros2_ws/src/autonomous_driving/install/autonomous_driving', 'merge_install': False, 'path': '/workspace/ros2_ws/src/autonomous_driving', 'symlink_install': True, 'test_result_base': None}
[0.424s] INFO:colcon.colcon_core.executor:Executing jobs using 'parallel' executor
[0.425s] DEBUG:colcon.colcon_parallel_executor.executor.parallel:run_until_complete
[0.426s] INFO:colcon.colcon_ros.task.ament_python.build:Building ROS package in '/workspace/ros2_ws/src/autonomous_driving' with build type 'ament_python'
[0.426s] Level 1:colcon.colcon_core.shell:create_environment_hook('autonomous_driving', 'ament_prefix_path')
[0.428s] INFO:colcon.colcon_core.plugin_system:Skipping extension 'colcon_core.shell.bat': Not used on non-Windows systems
[0.428s] INFO:colcon.colcon_core.shell:Creating environment hook '/workspace/ros2_ws/src/autonomous_driving/install/autonomous_driving/share/autonomous_driving/hook/ament_prefix_path.ps1'
[0.429s] INFO:colcon.colcon_core.shell:Creating environment descriptor '/workspace/ros2_ws/src/autonomous_driving/install/autonomous_driving/share/autonomous_driving/hook/ament_prefix_path.dsv'
[0.430s] INFO:colcon.colcon_core.shell:Creating environment hook '/workspace/ros2_ws/src/autonomous_driving/install/autonomous_driving/share/autonomous_driving/hook/ament_prefix_path.sh'
[0.431s] INFO:colcon.colcon_core.shell:Skip shell extension 'powershell' for command environment: Not usable outside of PowerShell
[0.431s] DEBUG:colcon.colcon_core.shell:Skip shell extension 'dsv' for command environment
[0.751s] INFO:colcon.colcon_core.task.python.build:Building Python package in '/workspace/ros2_ws/src/autonomous_driving'
[0.752s] INFO:colcon.colcon_core.shell:Skip shell extension 'powershell' for command environment: Not usable outside of PowerShell
[0.752s] DEBUG:colcon.colcon_core.shell:Skip shell extension 'dsv' for command environment
[1.177s] DEBUG:colcon.colcon_core.event_handler.log_command:Invoking command in '/workspace/ros2_ws/src/autonomous_driving/build/autonomous_driving': PYTHONPATH=/workspace/ros2_ws/src/autonomous_driving/build/autonomous_driving/prefix_override:/usr/lib/python3/dist-packages/colcon_core/task/python/colcon_distutils_commands:/workspace/ros2_ws/src/autonomous_driving/install/autonomous_driving/lib/python3.10/site-packages:${PYTHONPATH} /usr/bin/python3 -W ignore:setup.py install is deprecated -W ignore:easy_install command is deprecated setup.py develop --editable --build-directory /workspace/ros2_ws/src/autonomous_driving/build/autonomous_driving/build --no-deps symlink_data
[1.679s] Level 1:colcon.colcon_core.shell:create_environment_hook('autonomous_driving', 'pythonpath_develop')
[1.680s] INFO:colcon.colcon_core.shell:Creating environment hook '/workspace/ros2_ws/src/autonomous_driving/build/autonomous_driving/share/autonomous_driving/hook/pythonpath_develop.ps1'
[1.680s] DEBUG:colcon.colcon_core.event_handler.log_command:Invoked command in '/workspace/ros2_ws/src/autonomous_driving/build/autonomous_driving' returned '0': PYTHONPATH=/workspace/ros2_ws/src/autonomous_driving/build/autonomous_driving/prefix_override:/usr/lib/python3/dist-packages/colcon_core/task/python/colcon_distutils_commands:/workspace/ros2_ws/src/autonomous_driving/install/autonomous_driving/lib/python3.10/site-packages:${PYTHONPATH} /usr/bin/python3 -W ignore:setup.py install is deprecated -W ignore:easy_install command is deprecated setup.py develop --editable --build-directory /workspace/ros2_ws/src/autonomous_driving/build/autonomous_driving/build --no-deps symlink_data
[1.681s] INFO:colcon.colcon_core.shell:Creating environment descriptor '/workspace/ros2_ws/src/autonomous_driving/build/autonomous_driving/share/autonomous_driving/hook/pythonpath_develop.dsv'
[1.681s] INFO:colcon.colcon_core.shell:Creating environment hook '/workspace/ros2_ws/src/autonomous_driving/build/autonomous_driving/share/autonomous_driving/hook/pythonpath_develop.sh'
[1.684s] Level 1:colcon.colcon_core.environment:checking '/workspace/ros2_ws/src/autonomous_driving/install/autonomous_driving' for CMake module files
[1.685s] Level 1:colcon.colcon_core.environment:checking '/workspace/ros2_ws/src/autonomous_driving/install/autonomous_driving' for CMake config files
[1.696s] Level 1:colcon.colcon_core.environment:checking '/workspace/ros2_ws/src/autonomous_driving/install/autonomous_driving/lib'
[1.697s] Level 1:colcon.colcon_core.environment:checking '/workspace/ros2_ws/src/autonomous_driving/install/autonomous_driving/bin'
[1.697s] Level 1:colcon.colcon_core.environment:checking '/workspace/ros2_ws/src/autonomous_driving/install/autonomous_driving/lib/pkgconfig/autonomous_driving.pc'
[1.697s] Level 1:colcon.colcon_core.environment:checking '/workspace/ros2_ws/src/autonomous_driving/install/autonomous_driving/lib/python3.10/site-packages'
[1.697s] Level 1:colcon.colcon_core.shell:create_environment_hook('autonomous_driving', 'pythonpath')
[1.697s] INFO:colcon.colcon_core.shell:Creating environment hook '/workspace/ros2_ws/src/autonomous_driving/install/autonomous_driving/share/autonomous_driving/hook/pythonpath.ps1'
[1.698s] INFO:colcon.colcon_core.shell:Creating environment descriptor '/workspace/ros2_ws/src/autonomous_driving/install/autonomous_driving/share/autonomous_driving/hook/pythonpath.dsv'
[1.698s] INFO:colcon.colcon_core.shell:Creating environment hook '/workspace/ros2_ws/src/autonomous_driving/install/autonomous_driving/share/autonomous_driving/hook/pythonpath.sh'
[1.700s] Level 1:colcon.colcon_core.environment:checking '/workspace/ros2_ws/src/autonomous_driving/install/autonomous_driving/bin'
[1.700s] Level 1:colcon.colcon_core.environment:create_environment_scripts_only(autonomous_driving)
[1.700s] INFO:colcon.colcon_core.shell:Creating package script '/workspace/ros2_ws/src/autonomous_driving/install/autonomous_driving/share/autonomous_driving/package.ps1'
[1.702s] INFO:colcon.colcon_core.shell:Creating package descriptor '/workspace/ros2_ws/src/autonomous_driving/install/autonomous_driving/share/autonomous_driving/package.dsv'
[1.703s] INFO:colcon.colcon_core.shell:Creating package script '/workspace/ros2_ws/src/autonomous_driving/install/autonomous_driving/share/autonomous_driving/package.sh'
[1.704s] INFO:colcon.colcon_core.shell:Creating package script '/workspace/ros2_ws/src/autonomous_driving/install/autonomous_driving/share/autonomous_driving/package.bash'
[1.705s] INFO:colcon.colcon_core.shell:Creating package script '/workspace/ros2_ws/src/autonomous_driving/install/autonomous_driving/share/autonomous_driving/package.zsh'
[1.706s] Level 1:colcon.colcon_core.environment:create_file_with_runtime_dependencies(/workspace/ros2_ws/src/autonomous_driving/install/autonomous_driving/share/colcon-core/packages/autonomous_driving)
[1.706s] DEBUG:colcon.colcon_parallel_executor.executor.parallel:closing loop
[1.706s] DEBUG:colcon.colcon_parallel_executor.executor.parallel:loop closed
[1.707s] DEBUG:colcon.colcon_parallel_executor.executor.parallel:run_until_complete finished with '0'
[1.707s] DEBUG:colcon.colcon_core.event_reactor:joining thread
[1.712s] INFO:colcon.colcon_core.plugin_system:Skipping extension 'colcon_notification.desktop_notification.notify_send': Could not find 'notify-send'
[1.712s] INFO:colcon.colcon_core.plugin_system:Skipping extension 'colcon_notification.desktop_notification.terminal_notifier': Not used on non-Darwin systems
[1.712s] INFO:colcon.colcon_core.plugin_system:Skipping extension 'colcon_notification.desktop_notification.win32': Not used on non-Windows systems
[1.712s] INFO:colcon.colcon_notification.desktop_notification:Sending desktop notification using 'notify2'
[1.714s] DEBUG:colcon.colcon_notification.desktop_notification.notify2:Failed to initialize notify2: org.freedesktop.DBus.Error.Spawn.ExecFailed: /usr/bin/dbus-launch terminated abnormally without any error message
[1.714s] DEBUG:colcon.colcon_core.event_reactor:joined thread
[1.715s] INFO:colcon.colcon_core.shell:Creating prefix script '/workspace/ros2_ws/src/autonomous_driving/install/local_setup.ps1'
[1.716s] INFO:colcon.colcon_core.shell:Creating prefix util module '/workspace/ros2_ws/src/autonomous_driving/install/_local_setup_util_ps1.py'
[1.718s] INFO:colcon.colcon_core.shell:Creating prefix chain script '/workspace/ros2_ws/src/autonomous_driving/install/setup.ps1'
[1.719s] INFO:colcon.colcon_core.shell:Creating prefix script '/workspace/ros2_ws/src/autonomous_driving/install/local_setup.sh'
[1.720s] INFO:colcon.colcon_core.shell:Creating prefix util module '/workspace/ros2_ws/src/autonomous_driving/install/_local_setup_util_sh.py'
[1.720s] INFO:colcon.colcon_core.shell:Creating prefix chain script '/workspace/ros2_ws/src/autonomous_driving/install/setup.sh'
[1.721s] INFO:colcon.colcon_core.shell:Creating prefix script '/workspace/ros2_ws/src/autonomous_driving/install/local_setup.bash'
[1.722s] INFO:colcon.colcon_core.shell:Creating prefix chain script '/workspace/ros2_ws/src/autonomous_driving/install/setup.bash'
[1.723s] INFO:colcon.colcon_core.shell:Creating prefix script '/workspace/ros2_ws/src/autonomous_driving/install/local_setup.zsh'
[1.723s] INFO:colcon.colcon_core.shell:Creating prefix chain script '/workspace/ros2_ws/src/autonomous_driving/install/setup.zsh'
