running develop
running egg_info
creating autonomous_driving.egg-info
writing autonomous_driving.egg-info/PKG-INFO
writing dependency_links to autonomous_driving.egg-info/dependency_links.txt
writing entry points to autonomous_driving.egg-info/entry_points.txt
writing requirements to autonomous_driving.egg-info/requires.txt
writing top-level names to autonomous_driving.egg-info/top_level.txt
writing manifest file 'autonomous_driving.egg-info/SOURCES.txt'
reading manifest file 'autonomous_driving.egg-info/SOURCES.txt'
writing manifest file 'autonomous_driving.egg-info/SOURCES.txt'
running build_ext
Creating /workspace/ros2_ws/src/autonomous_driving/install/autonomous_driving/lib/python3.10/site-packages/autonomous-driving.egg-link (link to .)
Installing keyboard_controller script to /workspace/ros2_ws/src/autonomous_driving/install/autonomous_driving/lib/autonomous_driving
Installing lidar_cone_detector script to /workspace/ros2_ws/src/autonomous_driving/install/autonomous_driving/lib/autonomous_driving
Installing simple_imu_listener script to /workspace/ros2_ws/src/autonomous_driving/install/autonomous_driving/lib/autonomous_driving

Installed /workspace/ros2_ws/src/autonomous_driving/build/autonomous_driving
running symlink_data
creating /workspace/ros2_ws/src/autonomous_driving/install/autonomous_driving/share/ament_index
creating /workspace/ros2_ws/src/autonomous_driving/install/autonomous_driving/share/ament_index/resource_index
creating /workspace/ros2_ws/src/autonomous_driving/install/autonomous_driving/share/ament_index/resource_index/packages
symbolically linking /workspace/ros2_ws/src/autonomous_driving/build/autonomous_driving/resource/autonomous_driving -> /workspace/ros2_ws/src/autonomous_driving/install/autonomous_driving/share/ament_index/resource_index/packages
symbolically linking /workspace/ros2_ws/src/autonomous_driving/build/autonomous_driving/package.xml -> /workspace/ros2_ws/src/autonomous_driving/install/autonomous_driving/share/autonomous_driving
